<?xml version="1.0" encoding="UTF-8"?>
<!-- Generated by org.testng.reporters.JUnitReportReporter -->
<testsuite hostname="DESKTOP-FVL7V1F" failures="0" tests="1" name="OrangeHrm_TestCase.OrangeTestSuit2" time="10.247" errors="0" timestamp="2023-07-16T11:47:31 IST" skipped="0">
  <testcase classname="OrangeHrm_TestCase.OrangeTestSuit2" name="checkOrangeHrm" time="10.247"/>
</testsuite> <!-- OrangeHrm_TestCase.OrangeTestSuit2 -->
